<?xml version="1.0" encoding="UTF-8"?>
<testng-results ignored="0" total="2" passed="2" failed="0" skipped="0">
  <reporter-output>
  </reporter-output>
  <suite started-at="2024-07-08T13:02:00 IST" name="Suite" finished-at="2024-07-08T13:02:15 IST" duration-ms="14388">
    <groups>
    </groups>
    <test started-at="2024-07-08T13:02:00 IST" name="Test" finished-at="2024-07-08T13:02:15 IST" duration-ms="14388">
      <class name="com.skillzin.testcases.FaceBookTest">
        <test-method signature="faceBookForgottenPassword()[pri:0, instance:com.skillzin.testcases.FaceBookTest@6a28ffa4]" started-at="2024-07-08T13:02:00 IST" name="faceBookForgottenPassword" finished-at="2024-07-08T13:02:08 IST" duration-ms="7194" status="PASS">
          <reporter-output>
          </reporter-output>
        </test-method> <!-- faceBookForgottenPassword -->
        <test-method signature="faceBookLoginTest()[pri:0, instance:com.skillzin.testcases.FaceBookTest@6a28ffa4]" started-at="2024-07-08T13:02:08 IST" name="faceBookLoginTest" finished-at="2024-07-08T13:02:15 IST" duration-ms="7113" status="PASS">
          <reporter-output>
          </reporter-output>
        </test-method> <!-- faceBookLoginTest -->
      </class> <!-- com.skillzin.testcases.FaceBookTest -->
    </test> <!-- Test -->
  </suite> <!-- Suite -->
</testng-results>
